Using pre-set license
Built from '2021.3/staging' branch; Version is '2021.3.26f1 (a16dc32e0ff2) revision 10579395'; Using compiler version '192829333'; Build Type 'Release'
OS: 'Windows 11  (10.0.22000) 64bit Core' Language: 'ru' Physical Memory: 16317 MB
BatchMode: 1, IsHumanControllingUs: 0, StartBugReporterOnCrash: 0, Is64bit: 1, IsPro: 1

COMMAND LINE ARGUMENTS:
E:\Programs\Unity2021\Editor\Unity.exe
-adb2
-batchMode
-noUpm
-name
AssetImportWorker0
-projectPath
E:/TestProject1/TestProject1
-logFile
Logs/AssetImportWorker0.log
-srvPort
62957
Successfully changed project path to: E:/TestProject1/TestProject1
E:/TestProject1/TestProject1
[UnityMemory] Configuration Parameters - Can be set up in boot.config
    "memorysetup-bucket-allocator-granularity=16"
    "memorysetup-bucket-allocator-bucket-count=8"
    "memorysetup-bucket-allocator-block-size=33554432"
    "memorysetup-bucket-allocator-block-count=8"
    "memorysetup-main-allocator-block-size=16777216"
    "memorysetup-thread-allocator-block-size=16777216"
    "memorysetup-gfx-main-allocator-block-size=16777216"
    "memorysetup-gfx-thread-allocator-block-size=16777216"
    "memorysetup-cache-allocator-block-size=4194304"
    "memorysetup-typetree-allocator-block-size=2097152"
    "memorysetup-profiler-bucket-allocator-granularity=16"
    "memorysetup-profiler-bucket-allocator-bucket-count=8"
    "memorysetup-profiler-bucket-allocator-block-size=33554432"
    "memorysetup-profiler-bucket-allocator-block-count=8"
    "memorysetup-profiler-allocator-block-size=16777216"
    "memorysetup-profiler-editor-allocator-block-size=1048576"
    "memorysetup-temp-allocator-size-main=16777216"
    "memorysetup-job-temp-allocator-block-size=2097152"
    "memorysetup-job-temp-allocator-block-size-background=1048576"
    "memorysetup-job-temp-allocator-reduction-small-platforms=262144"
    "memorysetup-temp-allocator-size-background-worker=32768"
    "memorysetup-temp-allocator-size-job-worker=262144"
    "memorysetup-temp-allocator-size-preload-manager=33554432"
    "memorysetup-temp-allocator-size-nav-mesh-worker=65536"
    "memorysetup-temp-allocator-size-audio-worker=65536"
    "memorysetup-temp-allocator-size-cloud-worker=32768"
    "memorysetup-temp-allocator-size-gi-baking-worker=262144"
    "memorysetup-temp-allocator-size-gfx=262144"
Player connection [61228] Host "[IP] 192.168.1.38 [Port] 0 [Flags] 2 [Guid] 543266296 [EditorId] 543266296 [Version] 1048832 [Id] WindowsEditor(7,DESKTOP-MNUJOQ6) [Debug] 1 [PackageName] WindowsEditor [ProjectName] Editor" joined multi-casting on [225.0.0.222:54997]...

Player connection [61228] Host "[IP] 192.168.1.38 [Port] 0 [Flags] 2 [Guid] 543266296 [EditorId] 543266296 [Version] 1048832 [Id] WindowsEditor(7,DESKTOP-MNUJOQ6) [Debug] 1 [PackageName] WindowsEditor [ProjectName] Editor" joined alternative multi-casting on [225.0.0.222:34997]...

Refreshing native plugins compatible for Editor in 76.77 ms, found 3 plugins.
Preloading 0 native plugins for Editor in 0.00 ms.
Initialize engine version: 2021.3.26f1 (a16dc32e0ff2)
[Subsystems] Discovering subsystems at path E:/Programs/Unity2021/Editor/Data/Resources/UnitySubsystems
[Subsystems] Discovering subsystems at path E:/TestProject1/TestProject1/Assets
GfxDevice: creating device client; threaded=0; jobified=0
Direct3D:
    Version:  Direct3D 11.0 [level 11.1]
    Renderer: NVIDIA GeForce GTX 1050 Ti (ID=0x1c82)
    Vendor:   NVIDIA
    VRAM:     4017 MB
    Driver:   31.0.15.3713
Initialize mono
Mono path[0] = 'E:/Programs/Unity2021/Editor/Data/Managed'
Mono path[1] = 'E:/Programs/Unity2021/Editor/Data/MonoBleedingEdge/lib/mono/unityjit-win32'
Mono config path = 'E:/Programs/Unity2021/Editor/Data/MonoBleedingEdge/etc'
Using monoOptions --debugger-agent=transport=dt_socket,embedding=1,server=y,suspend=n,address=127.0.0.1:56592
Begin MonoManager ReloadAssembly
Registering precompiled unity dll's ...
Register platform support module: E:/Programs/Unity2021/Editor/Data/PlaybackEngines/WebGLSupport/UnityEditor.WebGL.Extensions.dll
Register platform support module: E:/Programs/Unity2021/Editor/Data/PlaybackEngines/MacStandaloneSupport/UnityEditor.OSXStandalone.Extensions.dll
Register platform support module: E:/Programs/Unity2021/Editor/Data/PlaybackEngines/WindowsStandaloneSupport/UnityEditor.WindowsStandalone.Extensions.dll
Register platform support module: E:/Programs/Unity2021/Editor/Data/PlaybackEngines/MetroSupport/UnityEditor.UWP.Extensions.dll
Registered in 0.002429 seconds.
Native extension for UWP target not found
Native extension for WindowsStandalone target not found
Native extension for OSXStandalone target not found
Native extension for WebGL target not found
Refreshing native plugins compatible for Editor in 70.45 ms, found 3 plugins.
Preloading 0 native plugins for Editor in 0.00 ms.
Mono: successfully reloaded assembly
- Completed reload, in  0.598 seconds
Domain Reload Profiling:
	ReloadAssembly (599ms)
		BeginReloadAssembly (98ms)
			ExecutionOrderSort (0ms)
			DisableScriptedObjects (0ms)
			BackupInstance (0ms)
			ReleaseScriptingObjects (0ms)
			CreateAndSetChildDomain (1ms)
		EndReloadAssembly (418ms)
			LoadAssemblies (98ms)
			RebuildTransferFunctionScriptingTraits (0ms)
			SetupTypeCache (106ms)
			ReleaseScriptCaches (0ms)
			RebuildScriptCaches (26ms)
			SetupLoadedEditorAssemblies (241ms)
				LogAssemblyErrors (0ms)
				InitializePlatformSupportModulesInManaged (9ms)
				SetLoadedEditorAssemblies (0ms)
				RefreshPlugins (71ms)
				BeforeProcessingInitializeOnLoad (1ms)
				ProcessInitializeOnLoadAttributes (117ms)
				ProcessInitializeOnLoadMethodAttributes (43ms)
				AfterProcessingInitializeOnLoad (0ms)
				EditorAssembliesLoaded (0ms)
			ExecutionOrderSort2 (0ms)
			AwakeInstancesAfterBackupRestoration (0ms)
Platform modules already initialized, skipping
Registering precompiled user dll's ...
Registered in 0.003479 seconds.
Begin MonoManager ReloadAssembly
Symbol file LoadedFromMemory doesn't match image E:\TestProject1\TestProject1\Library\PackageCache\com.unity.visualscripting@1.8.0\Editor\VisualScripting.Core\Dependencies\YamlDotNet\Unity.VisualScripting.YamlDotNet.dll
Symbol file LoadedFromMemory doesn't match image E:\TestProject1\TestProject1\Library\PackageCache\com.unity.visualscripting@1.8.0\Editor\VisualScripting.Core\Dependencies\DotNetZip\Unity.VisualScripting.IonicZip.dll
Native extension for UWP target not found
Native extension for WindowsStandalone target not found
Native extension for OSXStandalone target not found
Native extension for WebGL target not found
Refreshing native plugins compatible for Editor in 70.17 ms, found 3 plugins.
Preloading 0 native plugins for Editor in 0.00 ms.
Mono: successfully reloaded assembly
- Completed reload, in  1.093 seconds
Domain Reload Profiling:
	ReloadAssembly (1094ms)
		BeginReloadAssembly (129ms)
			ExecutionOrderSort (0ms)
			DisableScriptedObjects (6ms)
			BackupInstance (0ms)
			ReleaseScriptingObjects (0ms)
			CreateAndSetChildDomain (18ms)
		EndReloadAssembly (870ms)
			LoadAssemblies (125ms)
			RebuildTransferFunctionScriptingTraits (0ms)
			SetupTypeCache (256ms)
			ReleaseScriptCaches (1ms)
			RebuildScriptCaches (51ms)
			SetupLoadedEditorAssemblies (431ms)
				LogAssemblyErrors (0ms)
				InitializePlatformSupportModulesInManaged (6ms)
				SetLoadedEditorAssemblies (0ms)
				RefreshPlugins (70ms)
				BeforeProcessingInitializeOnLoad (65ms)
				ProcessInitializeOnLoadAttributes (271ms)
				ProcessInitializeOnLoadMethodAttributes (16ms)
				AfterProcessingInitializeOnLoad (2ms)
				EditorAssembliesLoaded (0ms)
			ExecutionOrderSort2 (0ms)
			AwakeInstancesAfterBackupRestoration (5ms)
Platform modules already initialized, skipping
========================================================================
Worker process is ready to serve import requests
Launched and connected shader compiler UnityShaderCompiler.exe after 0.05 seconds
Refreshing native plugins compatible for Editor in 0.76 ms, found 3 plugins.
Preloading 0 native plugins for Editor in 0.00 ms.
Unloading 3238 Unused Serialized files (Serialized files now loaded: 0)
Unloading 43 unused Assets / (0.6 MB). Loaded Objects now: 3717.
Memory consumption went from 134.4 MB to 133.9 MB.
Total: 2.759900 ms (FindLiveObjects: 0.261900 ms CreateObjectMapping: 0.162300 ms MarkObjects: 2.196100 ms  DeleteObjects: 0.138600 ms)

AssetImportParameters requested are different than current active one (requested -> active):
  custom:video-decoder-ogg-theora: a1e56fd34408186e4bbccfd4996cb3dc -> 
  custom:container-muxer-webm: aa71ff27fc2769a1b78a27578f13a17b -> 
  custom:container-demuxer-webm: 4f35f7cbe854078d1ac9338744f61a02 -> 
  custom:video-encoder-webm-vp8: eb34c28f22e8b96e1ab97ce403110664 -> 
  custom:audio-encoder-webm-vorbis: bf7c407c2cedff20999df2af8eb42d56 -> 
  custom:framework-win-MediaFoundation: 216162199b28c13a410421893ffa2e32 -> 
  custom:container-demuxer-ogg: 62fdf1f143b41e24485cea50d1cbac27 -> 
  custom:video-decoder-webm-vp8: 9c59270c3fd7afecdb556c50c9e8de78 -> 
  custom:audio-decoder-ogg-vorbis: bf7c407c2cedff20999df2af8eb42d56 -> 
========================================================================
Received Import Request.
  Time since last request: 2032363.227045 seconds.
  path: Assets/EmaceArt_LavaPlant/Texture
  artifactKey: Guid(39eda1fc4af07ee4cb39bfddde465953) Importer(815301076,1909f56bfc062723c751e8b465ee728b)
Start importing Assets/EmaceArt_LavaPlant/Texture using Guid(39eda1fc4af07ee4cb39bfddde465953) Importer(815301076,1909f56bfc062723c751e8b465ee728b)  -> (artifact id: 'f91e20540fb38e29e4b4829b2638057d') in 0.005547 seconds 
========================================================================
Received Import Request.
  Time since last request: 889.285110 seconds.
  path: Assets/WoodsLifestyle/Models
  artifactKey: Guid(bee89c4da6cecf74682b713af7ab7847) Importer(815301076,1909f56bfc062723c751e8b465ee728b)
Start importing Assets/WoodsLifestyle/Models using Guid(bee89c4da6cecf74682b713af7ab7847) Importer(815301076,1909f56bfc062723c751e8b465ee728b)  -> (artifact id: 'a0ec399cf48b6f94f9058653ddebb448') in 0.204778 seconds 
========================================================================
Received Import Request.
  Time since last request: 1.197330 seconds.
  path: Assets/WoodsLifestyle/Models/Buildings
  artifactKey: Guid(57d8b1fbc69ef724ba422e4334c990ad) Importer(815301076,1909f56bfc062723c751e8b465ee728b)
Start importing Assets/WoodsLifestyle/Models/Buildings using Guid(57d8b1fbc69ef724ba422e4334c990ad) Importer(815301076,1909f56bfc062723c751e8b465ee728b)  -> (artifact id: '03d9c6241bffabb3b1e1efd3f7300785') in 0.001762 seconds 
========================================================================
Received Import Request.
  Time since last request: 0.189906 seconds.
  path: Assets/WoodsLifestyle/Models/Buildings/OutlookPost_01.fbx
  artifactKey: Guid(0b329f807539b8b49acd76266ae0b879) Importer(815301076,1909f56bfc062723c751e8b465ee728b)
Start importing Assets/WoodsLifestyle/Models/Buildings/OutlookPost_01.fbx using Guid(0b329f807539b8b49acd76266ae0b879) Importer(815301076,1909f56bfc062723c751e8b465ee728b)  -> (artifact id: 'b3d69f3fb2fee24990b34c515b36a283') in 0.299274 seconds 
========================================================================
Received Import Request.
  Time since last request: 0.000022 seconds.
  path: Assets/WoodsLifestyle/Models/Buildings/Well_01.fbx
  artifactKey: Guid(4f49a178802889240940614840a8758e) Importer(815301076,1909f56bfc062723c751e8b465ee728b)
Start importing Assets/WoodsLifestyle/Models/Buildings/Well_01.fbx using Guid(4f49a178802889240940614840a8758e) Importer(815301076,1909f56bfc062723c751e8b465ee728b)  -> (artifact id: 'c69822e5e50b98816baf405872265268') in 0.055146 seconds 
========================================================================
Received Import Request.
  Time since last request: 17.198901 seconds.
  path: Assets/WoodsLifestyle/Models/Boards/Palnk_02_a002.fbx
  artifactKey: Guid(60e913bb49bf6c649aad83aad37bafbd) Importer(815301076,1909f56bfc062723c751e8b465ee728b)
Start importing Assets/WoodsLifestyle/Models/Boards/Palnk_02_a002.fbx using Guid(60e913bb49bf6c649aad83aad37bafbd) Importer(815301076,1909f56bfc062723c751e8b465ee728b)  -> (artifact id: '7bb89b1995707e42237ff88aba4ec8d7') in 0.051210 seconds 
========================================================================
Received Import Request.
  Time since last request: 0.000015 seconds.
  path: Assets/WoodsLifestyle/Models/Boards/Plank_03_a.fbx
  artifactKey: Guid(821679f0fdfbbba458c34d4c2dc75a80) Importer(815301076,1909f56bfc062723c751e8b465ee728b)
Start importing Assets/WoodsLifestyle/Models/Boards/Plank_03_a.fbx using Guid(821679f0fdfbbba458c34d4c2dc75a80) Importer(815301076,1909f56bfc062723c751e8b465ee728b)  -> (artifact id: 'b58b018de7b81649af3e4fa717d2507e') in 0.049611 seconds 
========================================================================
Received Import Request.
  Time since last request: 0.000017 seconds.
  path: Assets/WoodsLifestyle/Models/Boards/Plank_03_a002.fbx
  artifactKey: Guid(c72ad18480a15f84ea5e0fad0f1ca240) Importer(815301076,1909f56bfc062723c751e8b465ee728b)
Start importing Assets/WoodsLifestyle/Models/Boards/Plank_03_a002.fbx using Guid(c72ad18480a15f84ea5e0fad0f1ca240) Importer(815301076,1909f56bfc062723c751e8b465ee728b)  -> (artifact id: '74834b2c97ba908c2dcb4c175662a953') in 0.024151 seconds 
========================================================================
Received Import Request.
  Time since last request: 9.825717 seconds.
  path: Assets/WoodsLifestyle/Models/Logs_Wood/FireWood_02.fbx
  artifactKey: Guid(9372c40f313d201479aedce65bcf2332) Importer(815301076,1909f56bfc062723c751e8b465ee728b)
Start importing Assets/WoodsLifestyle/Models/Logs_Wood/FireWood_02.fbx using Guid(9372c40f313d201479aedce65bcf2332) Importer(815301076,1909f56bfc062723c751e8b465ee728b)  -> (artifact id: 'a890622253e5f9064fa97a5adb2cb80a') in 0.031860 seconds 
========================================================================
Received Import Request.
  Time since last request: 0.000044 seconds.
  path: Assets/WoodsLifestyle/Models/Logs_Wood/LogHeap_01_a.fbx
  artifactKey: Guid(76b05828dbaaacc48bc2fdc16213fb4c) Importer(815301076,1909f56bfc062723c751e8b465ee728b)
Start importing Assets/WoodsLifestyle/Models/Logs_Wood/LogHeap_01_a.fbx using Guid(76b05828dbaaacc48bc2fdc16213fb4c) Importer(815301076,1909f56bfc062723c751e8b465ee728b)  -> (artifact id: '1bfabc8ca06c381677afc7042af95a59') in 0.042202 seconds 
========================================================================
Received Import Request.
  Time since last request: 118.456621 seconds.
  path: Assets/WoodsLifestyle/Models/Props/Water/Canoe_01.fbx
  artifactKey: Guid(baaaeaba8d13ed84cbf2d5f61ad0fce8) Importer(815301076,1909f56bfc062723c751e8b465ee728b)
Start importing Assets/WoodsLifestyle/Models/Props/Water/Canoe_01.fbx using Guid(baaaeaba8d13ed84cbf2d5f61ad0fce8) Importer(815301076,1909f56bfc062723c751e8b465ee728b)  -> (artifact id: '3f247344a896fbf799f42623d0c6fdac') in 0.026513 seconds 
========================================================================
Received Import Request.
  Time since last request: 0.000021 seconds.
  path: Assets/WoodsLifestyle/Models/Props/Water/RowBoat_01_c.fbx
  artifactKey: Guid(1821591f14bb859438b6125443c97687) Importer(815301076,1909f56bfc062723c751e8b465ee728b)
Start importing Assets/WoodsLifestyle/Models/Props/Water/RowBoat_01_c.fbx using Guid(1821591f14bb859438b6125443c97687) Importer(815301076,1909f56bfc062723c751e8b465ee728b)  -> (artifact id: 'e6b7c7f81f441a74f52bd1732c8ba298') in 0.044703 seconds 
========================================================================
Received Import Request.
  Time since last request: 0.000026 seconds.
  path: Assets/WoodsLifestyle/Models/Props/Water/RowBoat_01_d.fbx
  artifactKey: Guid(e20f5d4726c78d24d8d668a2b3c8c9dd) Importer(815301076,1909f56bfc062723c751e8b465ee728b)
Start importing Assets/WoodsLifestyle/Models/Props/Water/RowBoat_01_d.fbx using Guid(e20f5d4726c78d24d8d668a2b3c8c9dd) Importer(815301076,1909f56bfc062723c751e8b465ee728b)  -> (artifact id: '0dd8097a5c9e6ddba46e3325217be298') in 0.047836 seconds 
========================================================================
Received Import Request.
  Time since last request: 5.205963 seconds.
  path: Assets/WoodsLifestyle/Models/Props/Water/Jetty/JettiBoard_02_a.fbx
  artifactKey: Guid(33742488b9ffd3647979a6ff03e74dec) Importer(815301076,1909f56bfc062723c751e8b465ee728b)
Start importing Assets/WoodsLifestyle/Models/Props/Water/Jetty/JettiBoard_02_a.fbx using Guid(33742488b9ffd3647979a6ff03e74dec) Importer(815301076,1909f56bfc062723c751e8b465ee728b)  -> (artifact id: '6ef40fd46026c4075edec02dbb81598e') in 0.062397 seconds 
========================================================================
Received Import Request.
  Time since last request: 0.000015 seconds.
  path: Assets/WoodsLifestyle/Models/Props/Water/Jetty/JettiPosts_01.fbx
  artifactKey: Guid(a5eab68884d15064a95b192adab3420c) Importer(815301076,1909f56bfc062723c751e8b465ee728b)
Start importing Assets/WoodsLifestyle/Models/Props/Water/Jetty/JettiPosts_01.fbx using Guid(a5eab68884d15064a95b192adab3420c) Importer(815301076,1909f56bfc062723c751e8b465ee728b)  -> (artifact id: '1cb1b297713de89e3cbe0e25d37f7f4a') in 0.077176 seconds 
========================================================================
Received Import Request.
  Time since last request: 0.000048 seconds.
  path: Assets/WoodsLifestyle/Models/Props/Water/Jetty/JettiBoard_05_a.fbx
  artifactKey: Guid(6c771dfba342ee942904051bf673e715) Importer(815301076,1909f56bfc062723c751e8b465ee728b)
Start importing Assets/WoodsLifestyle/Models/Props/Water/Jetty/JettiBoard_05_a.fbx using Guid(6c771dfba342ee942904051bf673e715) Importer(815301076,1909f56bfc062723c751e8b465ee728b)  -> (artifact id: '60e029d9c10240d2e8ee90d306b87f69') in 0.050468 seconds 
========================================================================
Received Import Request.
  Time since last request: 5.968387 seconds.
  path: Assets/WoodsLifestyle/Models/Props/WaterTowers/Tower_02.fbx
  artifactKey: Guid(c6da3ee280b19134598953cc0bce9c56) Importer(815301076,1909f56bfc062723c751e8b465ee728b)
Start importing Assets/WoodsLifestyle/Models/Props/WaterTowers/Tower_02.fbx using Guid(c6da3ee280b19134598953cc0bce9c56) Importer(815301076,1909f56bfc062723c751e8b465ee728b)  -> (artifact id: 'eb285bb9c2ef4191d2b3b2fac9c5ea52') in 0.059174 seconds 
========================================================================
Received Import Request.
  Time since last request: 0.000016 seconds.
  path: Assets/WoodsLifestyle/Models/Props/WaterTowers/WaterTenkPlatform_01.fbx
  artifactKey: Guid(43382cd0cef5bd049bbe2a02b8fea5f3) Importer(815301076,1909f56bfc062723c751e8b465ee728b)
Start importing Assets/WoodsLifestyle/Models/Props/WaterTowers/WaterTenkPlatform_01.fbx using Guid(43382cd0cef5bd049bbe2a02b8fea5f3) Importer(815301076,1909f56bfc062723c751e8b465ee728b)  -> (artifact id: 'e918a707b67ced7e14516b674e040509') in 0.032151 seconds 
========================================================================
Received Import Request.
  Time since last request: 0.000022 seconds.
  path: Assets/WoodsLifestyle/Models/Props/WaterTowers/WaterTenk_03.fbx
  artifactKey: Guid(82dc0d50b12d2ca4fb9b6cfb711ee411) Importer(815301076,1909f56bfc062723c751e8b465ee728b)
Start importing Assets/WoodsLifestyle/Models/Props/WaterTowers/WaterTenk_03.fbx using Guid(82dc0d50b12d2ca4fb9b6cfb711ee411) Importer(815301076,1909f56bfc062723c751e8b465ee728b)  -> (artifact id: '38aec9ef9f248fcad36d3be59c30ee66') in 0.046851 seconds 
========================================================================
Received Import Request.
  Time since last request: 3.684780 seconds.
  path: Assets/WoodsLifestyle/Models/Props/Exterior/LightPost_01.fbx
  artifactKey: Guid(b98185666e2db154a9e9012d6270c56b) Importer(815301076,1909f56bfc062723c751e8b465ee728b)
Start importing Assets/WoodsLifestyle/Models/Props/Exterior/LightPost_01.fbx using Guid(b98185666e2db154a9e9012d6270c56b) Importer(815301076,1909f56bfc062723c751e8b465ee728b)  -> (artifact id: '3fc753bba191869c91da73bc99b2a29d') in 0.065936 seconds 
========================================================================
Received Import Request.
  Time since last request: 0.000023 seconds.
  path: Assets/WoodsLifestyle/Models/Props/Exterior/SignPost_01_b.fbx
  artifactKey: Guid(e24137c34cfa21a4bb997f23aca272a1) Importer(815301076,1909f56bfc062723c751e8b465ee728b)
Start importing Assets/WoodsLifestyle/Models/Props/Exterior/SignPost_01_b.fbx using Guid(e24137c34cfa21a4bb997f23aca272a1) Importer(815301076,1909f56bfc062723c751e8b465ee728b)  -> (artifact id: 'eb2dffb504e677dc78eb1c39f5418fcc') in 0.058930 seconds 
========================================================================
Received Import Request.
  Time since last request: 0.000028 seconds.
  path: Assets/WoodsLifestyle/Models/Props/Exterior/Stand_03_a.fbx
  artifactKey: Guid(dfbb61c98a77f8644a7015970fd8f4c0) Importer(815301076,1909f56bfc062723c751e8b465ee728b)
Start importing Assets/WoodsLifestyle/Models/Props/Exterior/Stand_03_a.fbx using Guid(dfbb61c98a77f8644a7015970fd8f4c0) Importer(815301076,1909f56bfc062723c751e8b465ee728b)  -> (artifact id: '688ce6c86934a96dc4dc1ee588e1a8b6') in 0.034964 seconds 
========================================================================
Received Import Request.
  Time since last request: 0.000015 seconds.
  path: Assets/WoodsLifestyle/Models/Props/Exterior/Stand_03_b.fbx
  artifactKey: Guid(ec3dfb87724ddf743b08377725e39152) Importer(815301076,1909f56bfc062723c751e8b465ee728b)
Start importing Assets/WoodsLifestyle/Models/Props/Exterior/Stand_03_b.fbx using Guid(ec3dfb87724ddf743b08377725e39152) Importer(815301076,1909f56bfc062723c751e8b465ee728b)  -> (artifact id: 'bbb2a9d483b133d53b18b5479a3c62f6') in 0.044837 seconds 
========================================================================
Received Import Request.
  Time since last request: 4.747849 seconds.
  path: Assets/WoodsLifestyle/Models/Props/Furniture/Fireplace_01.fbx
  artifactKey: Guid(7ae748dd3182d2c4ca22183535ba88f8) Importer(815301076,1909f56bfc062723c751e8b465ee728b)
Start importing Assets/WoodsLifestyle/Models/Props/Furniture/Fireplace_01.fbx using Guid(7ae748dd3182d2c4ca22183535ba88f8) Importer(815301076,1909f56bfc062723c751e8b465ee728b)  -> (artifact id: 'aa171e5f5a187d1f219e492221f5e4b1') in 0.101209 seconds 
========================================================================
Received Import Request.
  Time since last request: 0.000020 seconds.
  path: Assets/WoodsLifestyle/Models/Props/Furniture/Stool_02.fbx
  artifactKey: Guid(87dbf080af6938547803df2fb5e61dfd) Importer(815301076,1909f56bfc062723c751e8b465ee728b)
Start importing Assets/WoodsLifestyle/Models/Props/Furniture/Stool_02.fbx using Guid(87dbf080af6938547803df2fb5e61dfd) Importer(815301076,1909f56bfc062723c751e8b465ee728b)  -> (artifact id: 'd1b62349f5c6a60b254a7511cd412ca7') in 0.062337 seconds 
========================================================================
Received Import Request.
  Time since last request: 0.000022 seconds.
  path: Assets/WoodsLifestyle/Models/Props/Furniture/Table_02_b.fbx
  artifactKey: Guid(18d7666da45eabc44884a8396052633a) Importer(815301076,1909f56bfc062723c751e8b465ee728b)
Start importing Assets/WoodsLifestyle/Models/Props/Furniture/Table_02_b.fbx using Guid(18d7666da45eabc44884a8396052633a) Importer(815301076,1909f56bfc062723c751e8b465ee728b)  -> (artifact id: 'dc5940d245bb59b7c31bad944ee12514') in 0.090945 seconds 
========================================================================
Received Import Request.
  Time since last request: 0.000013 seconds.
  path: Assets/WoodsLifestyle/Models/Props/Furniture/WallShelf_02.fbx
  artifactKey: Guid(9b5396b6f1274d744ab34774e50137c3) Importer(815301076,1909f56bfc062723c751e8b465ee728b)
Start importing Assets/WoodsLifestyle/Models/Props/Furniture/WallShelf_02.fbx using Guid(9b5396b6f1274d744ab34774e50137c3) Importer(815301076,1909f56bfc062723c751e8b465ee728b)  -> (artifact id: 'fd5a28b78cd7d0d88114496991345885') in 0.043575 seconds 
========================================================================
Received Import Request.
  Time since last request: 6.066925 seconds.
  path: Assets/WoodsLifestyle/Models/Props/General/WheeledCarrier_01.fbx
  artifactKey: Guid(e4a95dc762fe0ce4d8e83ba20bce90b2) Importer(815301076,1909f56bfc062723c751e8b465ee728b)
Start importing Assets/WoodsLifestyle/Models/Props/General/WheeledCarrier_01.fbx using Guid(e4a95dc762fe0ce4d8e83ba20bce90b2) Importer(815301076,1909f56bfc062723c751e8b465ee728b)  -> (artifact id: '40a61dd50c48c735805977b9f93f4bfb') in 0.037874 seconds 
========================================================================
Received Import Request.
  Time since last request: 1.914951 seconds.
  path: Assets/WoodsLifestyle/Models/Props/Interior/Candle_01_a.fbx
  artifactKey: Guid(41b79ccc36b6ca24d8d87254acfc7e90) Importer(815301076,1909f56bfc062723c751e8b465ee728b)
Start importing Assets/WoodsLifestyle/Models/Props/Interior/Candle_01_a.fbx using Guid(41b79ccc36b6ca24d8d87254acfc7e90) Importer(815301076,1909f56bfc062723c751e8b465ee728b)  -> (artifact id: 'efc32a88ff5efe674865f4fdff544601') in 0.705778 seconds 
========================================================================
Received Import Request.
  Time since last request: 0.000019 seconds.
  path: Assets/WoodsLifestyle/Models/Props/Interior/WallCandle_01.fbx
  artifactKey: Guid(18019c92acdc4c34ebef8594a32125a9) Importer(815301076,1909f56bfc062723c751e8b465ee728b)
Start importing Assets/WoodsLifestyle/Models/Props/Interior/WallCandle_01.fbx using Guid(18019c92acdc4c34ebef8594a32125a9) Importer(815301076,1909f56bfc062723c751e8b465ee728b)  -> (artifact id: '8450a6ea0e8cd1d8d89a552aa1e96a5a') in 0.060416 seconds 
========================================================================
Received Import Request.
  Time since last request: 0.000031 seconds.
  path: Assets/WoodsLifestyle/Models/Props/Interior/Candle_03_c.fbx
  artifactKey: Guid(897a73feb54215540ac3193ceb084519) Importer(815301076,1909f56bfc062723c751e8b465ee728b)
Start importing Assets/WoodsLifestyle/Models/Props/Interior/Candle_03_c.fbx using Guid(897a73feb54215540ac3193ceb084519) Importer(815301076,1909f56bfc062723c751e8b465ee728b)  -> (artifact id: '432b7062b822a589953d8c49c3c232b2') in 0.067888 seconds 
========================================================================
Received Import Request.
  Time since last request: 0.000016 seconds.
  path: Assets/WoodsLifestyle/Models/Props/Interior/Candle_02_b.fbx
  artifactKey: Guid(0251b50cfad7858429a27ea4d41e5433) Importer(815301076,1909f56bfc062723c751e8b465ee728b)
Start importing Assets/WoodsLifestyle/Models/Props/Interior/Candle_02_b.fbx using Guid(0251b50cfad7858429a27ea4d41e5433) Importer(815301076,1909f56bfc062723c751e8b465ee728b)  -> (artifact id: '03447c167e4eddf0cb44d3ab0e6feb10') in 0.059139 seconds 
========================================================================
Received Import Request.
  Time since last request: 0.000018 seconds.
  path: Assets/WoodsLifestyle/Models/Props/Interior/Lamp_01_a.fbx
  artifactKey: Guid(dcb425397a1eacb418a988036a362221) Importer(815301076,1909f56bfc062723c751e8b465ee728b)
Start importing Assets/WoodsLifestyle/Models/Props/Interior/Lamp_01_a.fbx using Guid(dcb425397a1eacb418a988036a362221) Importer(815301076,1909f56bfc062723c751e8b465ee728b)  -> (artifact id: '12c48ed0afc7a78dfed1daa1270ab905') in 0.061036 seconds 
========================================================================
Received Import Request.
  Time since last request: 0.000023 seconds.
  path: Assets/WoodsLifestyle/Models/Props/Interior/Candle_02_a.fbx
  artifactKey: Guid(324da3b8157a35244b342b0c1d0a2d54) Importer(815301076,1909f56bfc062723c751e8b465ee728b)
Start importing Assets/WoodsLifestyle/Models/Props/Interior/Candle_02_a.fbx using Guid(324da3b8157a35244b342b0c1d0a2d54) Importer(815301076,1909f56bfc062723c751e8b465ee728b)  -> (artifact id: '2606919257a3f9fde6f8f05aa84739d3') in 0.066141 seconds 
========================================================================
Received Import Request.
  Time since last request: 0.000023 seconds.
  path: Assets/WoodsLifestyle/Models/Props/Interior/Candle_01_c.fbx
  artifactKey: Guid(9b3192e3ae6f72140a38fea26a480cce) Importer(815301076,1909f56bfc062723c751e8b465ee728b)
Start importing Assets/WoodsLifestyle/Models/Props/Interior/Candle_01_c.fbx using Guid(9b3192e3ae6f72140a38fea26a480cce) Importer(815301076,1909f56bfc062723c751e8b465ee728b)  -> (artifact id: '93eab750f62dbd9ee99642f9ac47e52d') in 0.068088 seconds 
========================================================================
Received Import Request.
  Time since last request: 14.007119 seconds.
  path: Assets/WoodsLifestyle/Models/Stairs_Ladders/Staircase_01.fbx
  artifactKey: Guid(279a9fc532b7d204db6e6e3f4bcfadb4) Importer(815301076,1909f56bfc062723c751e8b465ee728b)
Start importing Assets/WoodsLifestyle/Models/Stairs_Ladders/Staircase_01.fbx using Guid(279a9fc532b7d204db6e6e3f4bcfadb4) Importer(815301076,1909f56bfc062723c751e8b465ee728b)  -> (artifact id: 'ebac8fe3b1751f54e2b5f911c8c854f8') in 0.063714 seconds 
========================================================================
Received Import Request.
  Time since last request: 4.935289 seconds.
  path: Assets/WoodsLifestyle/Models/Vegetation/Grass/Grass_a_01.fbx
  artifactKey: Guid(b5de42704b3e980449c5a828fcabb0a1) Importer(815301076,1909f56bfc062723c751e8b465ee728b)
Start importing Assets/WoodsLifestyle/Models/Vegetation/Grass/Grass_a_01.fbx using Guid(b5de42704b3e980449c5a828fcabb0a1) Importer(815301076,1909f56bfc062723c751e8b465ee728b)  -> (artifact id: '3d2e4b527bdc0731fe1cea95ee5092b6') in 0.034476 seconds 
========================================================================
Received Import Request.
  Time since last request: 1.586509 seconds.
  path: Assets/WoodsLifestyle/Models/Vegetation/Grass/Materials/Grass_Green_01.mat
  artifactKey: Guid(c77539db27398364284fe203dd45c014) Importer(815301076,1909f56bfc062723c751e8b465ee728b)
Start importing Assets/WoodsLifestyle/Models/Vegetation/Grass/Materials/Grass_Green_01.mat using Guid(c77539db27398364284fe203dd45c014) Importer(815301076,1909f56bfc062723c751e8b465ee728b)  -> (artifact id: '5a163c5414910d21f483c41ca8e2ebe1') in 0.061159 seconds 
========================================================================
Received Import Request.
  Time since last request: 2.851635 seconds.
  path: Assets/WoodsLifestyle/Models/Vegetation/Sticks/Stick_01_b.fbx
  artifactKey: Guid(0af18ca5608e92b4883d608f496f2d25) Importer(815301076,1909f56bfc062723c751e8b465ee728b)
Start importing Assets/WoodsLifestyle/Models/Vegetation/Sticks/Stick_01_b.fbx using Guid(0af18ca5608e92b4883d608f496f2d25) Importer(815301076,1909f56bfc062723c751e8b465ee728b)  -> (artifact id: '31001b5ce833a8a2bbd8139fb67b24b1') in 0.064220 seconds 
Editor requested this worker to shutdown with reason: Scaling down because of idle timeout
AssetImportWorker is now disconnected from the server
Process exiting
Exiting without the bug reporter. Application will terminate with return code 0