Using pre-set license
Built from '2021.3/staging' branch; Version is '2021.3.26f1 (a16dc32e0ff2) revision 10579395'; Using compiler version '192829333'; Build Type 'Release'
OS: 'Windows 11  (10.0.22000) 64bit Core' Language: 'ru' Physical Memory: 16317 MB
BatchMode: 1, IsHumanControllingUs: 0, StartBugReporterOnCrash: 0, Is64bit: 1, IsPro: 1

COMMAND LINE ARGUMENTS:
E:\Programs\Unity2021\Editor\Unity.exe
-adb2
-batchMode
-noUpm
-name
AssetImportWorker3
-projectPath
E:/TestProject1/TestProject1
-logFile
Logs/AssetImportWorker3.log
-srvPort
62957
Successfully changed project path to: E:/TestProject1/TestProject1
E:/TestProject1/TestProject1
[UnityMemory] Configuration Parameters - Can be set up in boot.config
    "memorysetup-bucket-allocator-granularity=16"
    "memorysetup-bucket-allocator-bucket-count=8"
    "memorysetup-bucket-allocator-block-size=33554432"
    "memorysetup-bucket-allocator-block-count=8"
    "memorysetup-main-allocator-block-size=16777216"
    "memorysetup-thread-allocator-block-size=16777216"
    "memorysetup-gfx-main-allocator-block-size=16777216"
    "memorysetup-gfx-thread-allocator-block-size=16777216"
    "memorysetup-cache-allocator-block-size=4194304"
    "memorysetup-typetree-allocator-block-size=2097152"
    "memorysetup-profiler-bucket-allocator-granularity=16"
    "memorysetup-profiler-bucket-allocator-bucket-count=8"
    "memorysetup-profiler-bucket-allocator-block-size=33554432"
    "memorysetup-profiler-bucket-allocator-block-count=8"
    "memorysetup-profiler-allocator-block-size=16777216"
    "memorysetup-profiler-editor-allocator-block-size=1048576"
    "memorysetup-temp-allocator-size-main=16777216"
    "memorysetup-job-temp-allocator-block-size=2097152"
    "memorysetup-job-temp-allocator-block-size-background=1048576"
    "memorysetup-job-temp-allocator-reduction-small-platforms=262144"
    "memorysetup-temp-allocator-size-background-worker=32768"
    "memorysetup-temp-allocator-size-job-worker=262144"
    "memorysetup-temp-allocator-size-preload-manager=33554432"
    "memorysetup-temp-allocator-size-nav-mesh-worker=65536"
    "memorysetup-temp-allocator-size-audio-worker=65536"
    "memorysetup-temp-allocator-size-cloud-worker=32768"
    "memorysetup-temp-allocator-size-gi-baking-worker=262144"
    "memorysetup-temp-allocator-size-gfx=262144"
Player connection [74344] Host "[IP] 192.168.1.38 [Port] 0 [Flags] 2 [Guid] 3095846299 [EditorId] 3095846299 [Version] 1048832 [Id] WindowsEditor(7,DESKTOP-MNUJOQ6) [Debug] 1 [PackageName] WindowsEditor [ProjectName] Editor" joined multi-casting on [225.0.0.222:54997]...

Player connection [74344] Host "[IP] 192.168.1.38 [Port] 0 [Flags] 2 [Guid] 3095846299 [EditorId] 3095846299 [Version] 1048832 [Id] WindowsEditor(7,DESKTOP-MNUJOQ6) [Debug] 1 [PackageName] WindowsEditor [ProjectName] Editor" joined alternative multi-casting on [225.0.0.222:34997]...

Refreshing native plugins compatible for Editor in 74.65 ms, found 3 plugins.
Preloading 0 native plugins for Editor in 0.00 ms.
Initialize engine version: 2021.3.26f1 (a16dc32e0ff2)
[Subsystems] Discovering subsystems at path E:/Programs/Unity2021/Editor/Data/Resources/UnitySubsystems
[Subsystems] Discovering subsystems at path E:/TestProject1/TestProject1/Assets
GfxDevice: creating device client; threaded=0; jobified=0
Direct3D:
    Version:  Direct3D 11.0 [level 11.1]
    Renderer: NVIDIA GeForce GTX 1050 Ti (ID=0x1c82)
    Vendor:   NVIDIA
    VRAM:     4017 MB
    Driver:   31.0.15.3713
Initialize mono
Mono path[0] = 'E:/Programs/Unity2021/Editor/Data/Managed'
Mono path[1] = 'E:/Programs/Unity2021/Editor/Data/MonoBleedingEdge/lib/mono/unityjit-win32'
Mono config path = 'E:/Programs/Unity2021/Editor/Data/MonoBleedingEdge/etc'
Using monoOptions --debugger-agent=transport=dt_socket,embedding=1,server=y,suspend=n,address=127.0.0.1:56528
Begin MonoManager ReloadAssembly
Registering precompiled unity dll's ...
Register platform support module: E:/Programs/Unity2021/Editor/Data/PlaybackEngines/WebGLSupport/UnityEditor.WebGL.Extensions.dll
Register platform support module: E:/Programs/Unity2021/Editor/Data/PlaybackEngines/MacStandaloneSupport/UnityEditor.OSXStandalone.Extensions.dll
Register platform support module: E:/Programs/Unity2021/Editor/Data/PlaybackEngines/WindowsStandaloneSupport/UnityEditor.WindowsStandalone.Extensions.dll
Register platform support module: E:/Programs/Unity2021/Editor/Data/PlaybackEngines/MetroSupport/UnityEditor.UWP.Extensions.dll
Registered in 0.002512 seconds.
Native extension for UWP target not found
Native extension for WindowsStandalone target not found
Native extension for OSXStandalone target not found
Native extension for WebGL target not found
Refreshing native plugins compatible for Editor in 69.74 ms, found 3 plugins.
Preloading 0 native plugins for Editor in 0.00 ms.
Mono: successfully reloaded assembly
- Completed reload, in  0.555 seconds
Domain Reload Profiling:
	ReloadAssembly (555ms)
		BeginReloadAssembly (84ms)
			ExecutionOrderSort (0ms)
			DisableScriptedObjects (0ms)
			BackupInstance (0ms)
			ReleaseScriptingObjects (0ms)
			CreateAndSetChildDomain (1ms)
		EndReloadAssembly (388ms)
			LoadAssemblies (85ms)
			RebuildTransferFunctionScriptingTraits (0ms)
			SetupTypeCache (94ms)
			ReleaseScriptCaches (0ms)
			RebuildScriptCaches (25ms)
			SetupLoadedEditorAssemblies (227ms)
				LogAssemblyErrors (0ms)
				InitializePlatformSupportModulesInManaged (9ms)
				SetLoadedEditorAssemblies (0ms)
				RefreshPlugins (70ms)
				BeforeProcessingInitializeOnLoad (1ms)
				ProcessInitializeOnLoadAttributes (107ms)
				ProcessInitializeOnLoadMethodAttributes (40ms)
				AfterProcessingInitializeOnLoad (0ms)
				EditorAssembliesLoaded (0ms)
			ExecutionOrderSort2 (0ms)
			AwakeInstancesAfterBackupRestoration (0ms)
Platform modules already initialized, skipping
Registering precompiled user dll's ...
Registered in 0.003505 seconds.
Begin MonoManager ReloadAssembly
Symbol file LoadedFromMemory doesn't match image E:\TestProject1\TestProject1\Library\PackageCache\com.unity.visualscripting@1.8.0\Editor\VisualScripting.Core\Dependencies\YamlDotNet\Unity.VisualScripting.YamlDotNet.dll
Symbol file LoadedFromMemory doesn't match image E:\TestProject1\TestProject1\Library\PackageCache\com.unity.visualscripting@1.8.0\Editor\VisualScripting.Core\Dependencies\DotNetZip\Unity.VisualScripting.IonicZip.dll
Native extension for UWP target not found
Native extension for WindowsStandalone target not found
Native extension for OSXStandalone target not found
Native extension for WebGL target not found
Refreshing native plugins compatible for Editor in 69.44 ms, found 3 plugins.
Preloading 0 native plugins for Editor in 0.00 ms.
Mono: successfully reloaded assembly
- Completed reload, in  1.013 seconds
Domain Reload Profiling:
	ReloadAssembly (1014ms)
		BeginReloadAssembly (115ms)
			ExecutionOrderSort (0ms)
			DisableScriptedObjects (6ms)
			BackupInstance (0ms)
			ReleaseScriptingObjects (0ms)
			CreateAndSetChildDomain (16ms)
		EndReloadAssembly (812ms)
			LoadAssemblies (90ms)
			RebuildTransferFunctionScriptingTraits (0ms)
			SetupTypeCache (238ms)
			ReleaseScriptCaches (1ms)
			RebuildScriptCaches (46ms)
			SetupLoadedEditorAssemblies (420ms)
				LogAssemblyErrors (0ms)
				InitializePlatformSupportModulesInManaged (6ms)
				SetLoadedEditorAssemblies (0ms)
				RefreshPlugins (70ms)
				BeforeProcessingInitializeOnLoad (66ms)
				ProcessInitializeOnLoadAttributes (260ms)
				ProcessInitializeOnLoadMethodAttributes (16ms)
				AfterProcessingInitializeOnLoad (2ms)
				EditorAssembliesLoaded (0ms)
			ExecutionOrderSort2 (0ms)
			AwakeInstancesAfterBackupRestoration (5ms)
Platform modules already initialized, skipping
========================================================================
Worker process is ready to serve import requests
Launched and connected shader compiler UnityShaderCompiler.exe after 0.09 seconds
Refreshing native plugins compatible for Editor in 0.52 ms, found 3 plugins.
Preloading 0 native plugins for Editor in 0.00 ms.
Unloading 3238 Unused Serialized files (Serialized files now loaded: 0)
Unloading 43 unused Assets / (0.6 MB). Loaded Objects now: 3717.
Memory consumption went from 134.4 MB to 133.9 MB.
Total: 4.003000 ms (FindLiveObjects: 0.279600 ms CreateObjectMapping: 0.179900 ms MarkObjects: 3.200200 ms  DeleteObjects: 0.342500 ms)

AssetImportParameters requested are different than current active one (requested -> active):
  custom:video-decoder-ogg-theora: a1e56fd34408186e4bbccfd4996cb3dc -> 
  custom:container-muxer-webm: aa71ff27fc2769a1b78a27578f13a17b -> 
  custom:container-demuxer-webm: 4f35f7cbe854078d1ac9338744f61a02 -> 
  custom:video-encoder-webm-vp8: eb34c28f22e8b96e1ab97ce403110664 -> 
  custom:audio-encoder-webm-vorbis: bf7c407c2cedff20999df2af8eb42d56 -> 
  custom:framework-win-MediaFoundation: 216162199b28c13a410421893ffa2e32 -> 
  custom:container-demuxer-ogg: 62fdf1f143b41e24485cea50d1cbac27 -> 
  custom:video-decoder-webm-vp8: 9c59270c3fd7afecdb556c50c9e8de78 -> 
  custom:audio-decoder-ogg-vorbis: bf7c407c2cedff20999df2af8eb42d56 -> 
========================================================================
Received Import Request.
  Time since last request: 2033406.065040 seconds.
  path: Assets/WoodsLifestyle/Models/Props/Water/Jetty/JettiBoard_03_a.fbx
  artifactKey: Guid(46caab30b6f05504a80fcc1a50c1fd36) Importer(815301076,1909f56bfc062723c751e8b465ee728b)
Start importing Assets/WoodsLifestyle/Models/Props/Water/Jetty/JettiBoard_03_a.fbx using Guid(46caab30b6f05504a80fcc1a50c1fd36) Importer(815301076,1909f56bfc062723c751e8b465ee728b)  -> (artifact id: '84c0bed7ca2ba3dd065c4009daca43a8') in 0.218503 seconds 
========================================================================
Received Import Request.
  Time since last request: 0.000020 seconds.
  path: Assets/WoodsLifestyle/Models/Props/Water/Jetty/JettiBoard_04_a.fbx
  artifactKey: Guid(15f6cbdffee7b4645b29349424e010d8) Importer(815301076,1909f56bfc062723c751e8b465ee728b)
Start importing Assets/WoodsLifestyle/Models/Props/Water/Jetty/JettiBoard_04_a.fbx using Guid(15f6cbdffee7b4645b29349424e010d8) Importer(815301076,1909f56bfc062723c751e8b465ee728b)  -> (artifact id: 'd97ec15f026e240606b97a741f9fffa7') in 0.030870 seconds 
========================================================================
Received Import Request.
  Time since last request: 5.938273 seconds.
  path: Assets/WoodsLifestyle/Models/Props/WaterTowers/Tower_03.fbx
  artifactKey: Guid(02b50f39fdf25b44face10426afe9a17) Importer(815301076,1909f56bfc062723c751e8b465ee728b)
Start importing Assets/WoodsLifestyle/Models/Props/WaterTowers/Tower_03.fbx using Guid(02b50f39fdf25b44face10426afe9a17) Importer(815301076,1909f56bfc062723c751e8b465ee728b)  -> (artifact id: '69e30d5767269c3a4e8a3b6a1d66447e') in 0.059428 seconds 
========================================================================
Received Import Request.
  Time since last request: 0.000018 seconds.
  path: Assets/WoodsLifestyle/Models/Props/WaterTowers/WaterTenk_01.fbx
  artifactKey: Guid(797e7547c51d24544b6721713db999ce) Importer(815301076,1909f56bfc062723c751e8b465ee728b)
Start importing Assets/WoodsLifestyle/Models/Props/WaterTowers/WaterTenk_01.fbx using Guid(797e7547c51d24544b6721713db999ce) Importer(815301076,1909f56bfc062723c751e8b465ee728b)  -> (artifact id: 'e3cc696e5f8dbb58e6254ff0cfa62c18') in 0.035117 seconds 
========================================================================
Received Import Request.
  Time since last request: 3.762202 seconds.
  path: Assets/WoodsLifestyle/Models/Props/Exterior/Sign_01_a.fbx
  artifactKey: Guid(ba59d7be943af3c4da5d3f4c1ea6daa0) Importer(815301076,1909f56bfc062723c751e8b465ee728b)
Start importing Assets/WoodsLifestyle/Models/Props/Exterior/Sign_01_a.fbx using Guid(ba59d7be943af3c4da5d3f4c1ea6daa0) Importer(815301076,1909f56bfc062723c751e8b465ee728b)  -> (artifact id: 'feb6a3994a500682c21aea22c8859fdf') in 0.053904 seconds 
========================================================================
Received Import Request.
  Time since last request: 0.000020 seconds.
  path: Assets/WoodsLifestyle/Models/Props/Exterior/Sign_01_b.fbx
  artifactKey: Guid(32281c598ed4c56469c5ee8d9a1ca07f) Importer(815301076,1909f56bfc062723c751e8b465ee728b)
Start importing Assets/WoodsLifestyle/Models/Props/Exterior/Sign_01_b.fbx using Guid(32281c598ed4c56469c5ee8d9a1ca07f) Importer(815301076,1909f56bfc062723c751e8b465ee728b)  -> (artifact id: 'bd0c985528804e894f4fc6c5730e8d21') in 0.022928 seconds 
========================================================================
Received Import Request.
  Time since last request: 0.000036 seconds.
  path: Assets/WoodsLifestyle/Models/Props/Exterior/SignPost_02_a.fbx
  artifactKey: Guid(6f21fc9386970604d92c17ef749e685b) Importer(815301076,1909f56bfc062723c751e8b465ee728b)
Start importing Assets/WoodsLifestyle/Models/Props/Exterior/SignPost_02_a.fbx using Guid(6f21fc9386970604d92c17ef749e685b) Importer(815301076,1909f56bfc062723c751e8b465ee728b)  -> (artifact id: '34a2400f8fabf52b795c4c82d3c5609e') in 0.014951 seconds 
========================================================================
Received Import Request.
  Time since last request: 0.000036 seconds.
  path: Assets/WoodsLifestyle/Models/Props/Exterior/Stand_01.fbx
  artifactKey: Guid(f0b6cddeeb09c5648a1bfcf3e2ff42f2) Importer(815301076,1909f56bfc062723c751e8b465ee728b)
Start importing Assets/WoodsLifestyle/Models/Props/Exterior/Stand_01.fbx using Guid(f0b6cddeeb09c5648a1bfcf3e2ff42f2) Importer(815301076,1909f56bfc062723c751e8b465ee728b)  -> (artifact id: 'fd5da7965f30b3340a8beed23f93f703') in 0.102289 seconds 
========================================================================
Received Import Request.
  Time since last request: 4.746418 seconds.
  path: Assets/WoodsLifestyle/Models/Props/Furniture/KitchenTable_01.fbx
  artifactKey: Guid(5171f178c01c46f48a6da7a86867c4fe) Importer(815301076,1909f56bfc062723c751e8b465ee728b)
Start importing Assets/WoodsLifestyle/Models/Props/Furniture/KitchenTable_01.fbx using Guid(5171f178c01c46f48a6da7a86867c4fe) Importer(815301076,1909f56bfc062723c751e8b465ee728b)  -> (artifact id: 'b45b3bf564709a25c5408e96f8baf6f6') in 0.086996 seconds 
========================================================================
Received Import Request.
  Time since last request: 0.000024 seconds.
  path: Assets/WoodsLifestyle/Models/Props/Furniture/Table_01_a.fbx
  artifactKey: Guid(e3a9389a3394e074c97b9fc14e7e5ca0) Importer(815301076,1909f56bfc062723c751e8b465ee728b)
Start importing Assets/WoodsLifestyle/Models/Props/Furniture/Table_01_a.fbx using Guid(e3a9389a3394e074c97b9fc14e7e5ca0) Importer(815301076,1909f56bfc062723c751e8b465ee728b)  -> (artifact id: '2c5ce107f3a175e4a89e83b7cad808be') in 0.045692 seconds 
========================================================================
Received Import Request.
  Time since last request: 0.000020 seconds.
  path: Assets/WoodsLifestyle/Models/Props/Furniture/Stool_01.fbx
  artifactKey: Guid(7ced832f1214bc4419445ed54db5ae6d) Importer(815301076,1909f56bfc062723c751e8b465ee728b)
Start importing Assets/WoodsLifestyle/Models/Props/Furniture/Stool_01.fbx using Guid(7ced832f1214bc4419445ed54db5ae6d) Importer(815301076,1909f56bfc062723c751e8b465ee728b)  -> (artifact id: '2c325040d27019f77d14062d275a6a47') in 0.022006 seconds 
========================================================================
Received Import Request.
  Time since last request: 0.000017 seconds.
  path: Assets/WoodsLifestyle/Models/Props/Furniture/Table_01_b.fbx
  artifactKey: Guid(11f54cf6386c0ab4cb11f9d2b484a8a1) Importer(815301076,1909f56bfc062723c751e8b465ee728b)
Start importing Assets/WoodsLifestyle/Models/Props/Furniture/Table_01_b.fbx using Guid(11f54cf6386c0ab4cb11f9d2b484a8a1) Importer(815301076,1909f56bfc062723c751e8b465ee728b)  -> (artifact id: 'fe80bb7b136d2cdcb9c283bd8107fe82') in 0.077921 seconds 
========================================================================
Received Import Request.
  Time since last request: 0.000023 seconds.
  path: Assets/WoodsLifestyle/Models/Props/Furniture/Table_03.fbx
  artifactKey: Guid(547596d8e90fbca449aa0430f7f80941) Importer(815301076,1909f56bfc062723c751e8b465ee728b)
Start importing Assets/WoodsLifestyle/Models/Props/Furniture/Table_03.fbx using Guid(547596d8e90fbca449aa0430f7f80941) Importer(815301076,1909f56bfc062723c751e8b465ee728b)  -> (artifact id: 'ff4bc6d231c992080257d22b4df35252') in 0.045312 seconds 
========================================================================
Received Import Request.
  Time since last request: 8.111408 seconds.
  path: Assets/WoodsLifestyle/Models/Props/Interior/Candle_01_b.fbx
  artifactKey: Guid(6e2f22ee1cac9e941b9b3153c9a854d8) Importer(815301076,1909f56bfc062723c751e8b465ee728b)
Start importing Assets/WoodsLifestyle/Models/Props/Interior/Candle_01_b.fbx using Guid(6e2f22ee1cac9e941b9b3153c9a854d8) Importer(815301076,1909f56bfc062723c751e8b465ee728b)  -> (artifact id: '4d54bc4f4e0fb839260c5abb9fc650b5') in 0.720737 seconds 
========================================================================
Received Import Request.
  Time since last request: 0.000014 seconds.
  path: Assets/WoodsLifestyle/Models/Props/Interior/Pot_01_a.fbx
  artifactKey: Guid(731c991c7fce85a45aff2474d827fe19) Importer(815301076,1909f56bfc062723c751e8b465ee728b)
Start importing Assets/WoodsLifestyle/Models/Props/Interior/Pot_01_a.fbx using Guid(731c991c7fce85a45aff2474d827fe19) Importer(815301076,1909f56bfc062723c751e8b465ee728b)  -> (artifact id: 'f621a173165c5c13de6d4b084a8661b2') in 0.052215 seconds 
========================================================================
Received Import Request.
  Time since last request: 0.000041 seconds.
  path: Assets/WoodsLifestyle/Models/Props/Interior/Candle_02_c.fbx
  artifactKey: Guid(fdb21088fbc23bc45b28babcbec00970) Importer(815301076,1909f56bfc062723c751e8b465ee728b)
Start importing Assets/WoodsLifestyle/Models/Props/Interior/Candle_02_c.fbx using Guid(fdb21088fbc23bc45b28babcbec00970) Importer(815301076,1909f56bfc062723c751e8b465ee728b)  -> (artifact id: 'd56876baa79549732d7faa26382c2ef6') in 0.081563 seconds 
========================================================================
Received Import Request.
  Time since last request: 0.000016 seconds.
  path: Assets/WoodsLifestyle/Models/Props/Interior/Lamp_01_d.fbx
  artifactKey: Guid(8d4efb8568e12eb47841bcdf71392fcb) Importer(815301076,1909f56bfc062723c751e8b465ee728b)
Start importing Assets/WoodsLifestyle/Models/Props/Interior/Lamp_01_d.fbx using Guid(8d4efb8568e12eb47841bcdf71392fcb) Importer(815301076,1909f56bfc062723c751e8b465ee728b)  -> (artifact id: 'e9f677a690bab5610c14c364af833aca') in 0.057431 seconds 
========================================================================
Received Import Request.
  Time since last request: 0.000025 seconds.
  path: Assets/WoodsLifestyle/Models/Props/Interior/Candle_03_b.fbx
  artifactKey: Guid(5cb7960bb9111b849b0f2ee026f127da) Importer(815301076,1909f56bfc062723c751e8b465ee728b)
Start importing Assets/WoodsLifestyle/Models/Props/Interior/Candle_03_b.fbx using Guid(5cb7960bb9111b849b0f2ee026f127da) Importer(815301076,1909f56bfc062723c751e8b465ee728b)  -> (artifact id: '60df1d79d2de7063f3fe39479a697e47') in 0.045823 seconds 
========================================================================
Received Import Request.
  Time since last request: 0.000039 seconds.
  path: Assets/WoodsLifestyle/Models/Props/Interior/Pot_01_b.fbx
  artifactKey: Guid(f72d78d10dcc2d449a7f54c0ef6241bd) Importer(815301076,1909f56bfc062723c751e8b465ee728b)
Start importing Assets/WoodsLifestyle/Models/Props/Interior/Pot_01_b.fbx using Guid(f72d78d10dcc2d449a7f54c0ef6241bd) Importer(815301076,1909f56bfc062723c751e8b465ee728b)  -> (artifact id: '87d1e11a9f77ba626859ebaaaf7951f7') in 0.056775 seconds 
========================================================================
Received Import Request.
  Time since last request: 0.000014 seconds.
  path: Assets/WoodsLifestyle/Models/Props/Interior/Candle_03_a.fbx
  artifactKey: Guid(029e4e207b05e274184f5be5a79b8174) Importer(815301076,1909f56bfc062723c751e8b465ee728b)
Start importing Assets/WoodsLifestyle/Models/Props/Interior/Candle_03_a.fbx using Guid(029e4e207b05e274184f5be5a79b8174) Importer(815301076,1909f56bfc062723c751e8b465ee728b)  -> (artifact id: '653d71104e6de4f7e810e3f022f846d1') in 0.023235 seconds 
========================================================================
Received Import Request.
  Time since last request: 19.100572 seconds.
  path: Assets/WoodsLifestyle/Models/Vegetation/Grass/Grass_c_01.fbx
  artifactKey: Guid(643076a60ffaf724a85e081b64be4a2d) Importer(815301076,1909f56bfc062723c751e8b465ee728b)
Start importing Assets/WoodsLifestyle/Models/Vegetation/Grass/Grass_c_01.fbx using Guid(643076a60ffaf724a85e081b64be4a2d) Importer(815301076,1909f56bfc062723c751e8b465ee728b)  -> (artifact id: '64e57ff52128356eeecb2ebb5a110b13') in 0.060118 seconds 
========================================================================
Received Import Request.
  Time since last request: 4.479597 seconds.
  path: Assets/WoodsLifestyle/Models/Vegetation/Sticks/Stick_02_a.fbx
  artifactKey: Guid(0e85c90891a9a5f4aadc197a9942a585) Importer(815301076,1909f56bfc062723c751e8b465ee728b)
Start importing Assets/WoodsLifestyle/Models/Vegetation/Sticks/Stick_02_a.fbx using Guid(0e85c90891a9a5f4aadc197a9942a585) Importer(815301076,1909f56bfc062723c751e8b465ee728b)  -> (artifact id: '038911f2b3cc54fc8f6e0c7a1e239cd7') in 0.063957 seconds 
========================================================================
Received Import Request.
  Time since last request: 0.000016 seconds.
  path: Assets/WoodsLifestyle/Models/Vegetation/Sticks/Stick_02_b.fbx
  artifactKey: Guid(e89d6f22be8fee146bc6ac01b693ca9f) Importer(815301076,1909f56bfc062723c751e8b465ee728b)
Start importing Assets/WoodsLifestyle/Models/Vegetation/Sticks/Stick_02_b.fbx using Guid(e89d6f22be8fee146bc6ac01b693ca9f) Importer(815301076,1909f56bfc062723c751e8b465ee728b)  -> (artifact id: '501ab418e1b865469fe2580e3f918a25') in 0.038624 seconds 
